time=2026-06-12T11:05:11.780+08:00 level=INFO msg="migrations: applied" from_version=5 to_version=6
time=2026-06-12T11:05:11.787+08:00 level=INFO msg="database connected" host=127.0.0.1 port=5432 dbname=mini_schedule
time=2026-06-12T11:05:11.795+08:00 level=INFO msg="redis connected" addr=127.0.0.1:6379
[GIN-debug] [WARNING] Running in "debug" mode. Switch to "release" mode in production.
 - using env:	export GIN_MODE=release
 - using code:	gin.SetMode(gin.ReleaseMode)

[GIN-debug] GET    /swagger/*any             --> github.com/swaggo/gin-swagger.CustomWrapHandler.func1 (4 handlers)
[GIN-debug] GET    /api/v1/public/saas-plans --> github.com/zkw/mini-schedule/backend/internal/interfaces/admin.(*Handler).listPublicSaaSPlans-fm (4 handlers)
[GIN-debug] POST   /api/v1/public/signup/sms-code --> github.com/zkw/mini-schedule/backend/internal/interfaces/admin.(*Handler).requestSignupSMSCode-fm (4 handlers)
[GIN-debug] POST   /api/v1/public/signup/pre-validate --> github.com/zkw/mini-schedule/backend/internal/interfaces/admin.(*Handler).preValidateSignup-fm (4 handlers)
[GIN-debug] POST   /api/v1/public/signup/orders --> github.com/zkw/mini-schedule/backend/internal/interfaces/admin.(*Handler).createPublicSignupOrder-fm (4 handlers)
[GIN-debug] POST   /api/v1/public/payment/native --> github.com/zkw/mini-schedule/backend/internal/interfaces/admin.(*Handler).createWeChatNativePay-fm (4 handlers)
[GIN-debug] GET    /api/v1/public/payment/orders/:order_id --> github.com/zkw/mini-schedule/backend/internal/interfaces/admin.(*Handler).getOrderPaymentStatus-fm (4 handlers)
[GIN-debug] POST   /api/v1/public/payment/callback --> github.com/zkw/mini-schedule/backend/internal/interfaces/admin.(*Handler).handleWeChatPaymentCallback-fm (4 handlers)
[GIN-debug] POST   /api/v1/admin/login       --> github.com/zkw/mini-schedule/backend/internal/interfaces/admin.(*Handler).login-fm (4 handlers)
[GIN-debug] POST   /api/v1/admin/logout      --> github.com/zkw/mini-schedule/backend/internal/interfaces/admin.(*Handler).logout-fm (4 handlers)
[GIN-debug] POST   /api/v1/admin/brands      --> github.com/zkw/mini-schedule/backend/internal/interfaces/admin.(*Handler).createBrand-fm (5 handlers)
[GIN-debug] GET    /api/v1/admin/brands      --> github.com/zkw/mini-schedule/backend/internal/interfaces/admin.(*Handler).listBrands-fm (5 handlers)
[GIN-debug] GET    /api/v1/admin/brands/:id  --> github.com/zkw/mini-schedule/backend/internal/interfaces/admin.(*Handler).getBrand-fm (5 handlers)
[GIN-debug] PUT    /api/v1/admin/brands/:id  --> github.com/zkw/mini-schedule/backend/internal/interfaces/admin.(*Handler).updateBrand-fm (5 handlers)
[GIN-debug] PATCH  /api/v1/admin/brands/:id/status --> github.com/zkw/mini-schedule/backend/internal/interfaces/admin.(*Handler).updateBrandStatus-fm (5 handlers)
[GIN-debug] POST   /api/v1/admin/admins      --> github.com/zkw/mini-schedule/backend/internal/interfaces/admin.(*Handler).createAdmin-fm (5 handlers)
[GIN-debug] GET    /api/v1/admin/admins      --> github.com/zkw/mini-schedule/backend/internal/interfaces/admin.(*Handler).listAdmins-fm (5 handlers)
[GIN-debug] GET    /api/v1/admin/platform/summary --> github.com/zkw/mini-schedule/backend/internal/interfaces/admin.(*Handler).getPlatformSummary-fm (5 handlers)
[GIN-debug] GET    /api/v1/admin/saas-plans  --> github.com/zkw/mini-schedule/backend/internal/interfaces/admin.(*Handler).listSaaSPlans-fm (5 handlers)
[GIN-debug] POST   /api/v1/admin/saas-plans  --> github.com/zkw/mini-schedule/backend/internal/interfaces/admin.(*Handler).createSaaSPlan-fm (5 handlers)
[GIN-debug] GET    /api/v1/admin/saas-plans/:id --> github.com/zkw/mini-schedule/backend/internal/interfaces/admin.(*Handler).getSaaSPlan-fm (5 handlers)
[GIN-debug] PUT    /api/v1/admin/saas-plans/:id --> github.com/zkw/mini-schedule/backend/internal/interfaces/admin.(*Handler).updateSaaSPlan-fm (5 handlers)
[GIN-debug] PATCH  /api/v1/admin/saas-plans/:id/status --> github.com/zkw/mini-schedule/backend/internal/interfaces/admin.(*Handler).updateSaaSPlanStatus-fm (5 handlers)
[GIN-debug] GET    /api/v1/admin/saas-plan-orders --> github.com/zkw/mini-schedule/backend/internal/interfaces/admin.(*Handler).listSaaSPlanOrders-fm (5 handlers)
[GIN-debug] GET    /api/v1/admin/brand-subscriptions --> github.com/zkw/mini-schedule/backend/internal/interfaces/admin.(*Handler).listBrandSubscriptions-fm (5 handlers)
[GIN-debug] POST   /api/v1/admin/brand-subscriptions/:id/renew --> github.com/zkw/mini-schedule/backend/internal/interfaces/admin.(*Handler).manualRenewBrandSubscription-fm (5 handlers)
[GIN-debug] PATCH  /api/v1/admin/brand-subscriptions/:id/limits --> github.com/zkw/mini-schedule/backend/internal/interfaces/admin.(*Handler).updateBrandSubscriptionLimits-fm (5 handlers)
[GIN-debug] PATCH  /api/v1/admin/brand-subscriptions/:id/status --> github.com/zkw/mini-schedule/backend/internal/interfaces/admin.(*Handler).updateBrandSubscriptionStatus-fm (5 handlers)
[GIN-debug] GET    /api/v1/admin/payment-transactions --> github.com/zkw/mini-schedule/backend/internal/interfaces/admin.(*Handler).listPaymentTransactions-fm (5 handlers)
[GIN-debug] GET    /api/v1/admin/payment-callback-logs --> github.com/zkw/mini-schedule/backend/internal/interfaces/admin.(*Handler).listPaymentCallbackLogs-fm (5 handlers)
[GIN-debug] GET    /api/v1/admin/operation-logs --> github.com/zkw/mini-schedule/backend/internal/interfaces/admin.(*Handler).listOperationLogs-fm (5 handlers)
[GIN-debug] POST   /api/v1/admin/system/backfill-owner-roles --> github.com/zkw/mini-schedule/backend/internal/interfaces/admin.(*SystemHandler).backfillOwnerRoles-fm (5 handlers)
time=2026-06-12T11:05:11.798+08:00 level=INFO msg="admin server starting" addr=:8083
