time=2026-06-11T17:01:05.203+08:00 level=INFO msg="migrations: schema up to date" version=5
time=2026-06-11T17:01:05.210+08:00 level=INFO msg="database connected" host=127.0.0.1 port=5432 dbname=mini_schedule
time=2026-06-11T17:01:05.212+08:00 level=INFO msg="redis connected" addr=127.0.0.1:6379
[GIN-debug] [WARNING] Running in "debug" mode. Switch to "release" mode in production.
 - using env:	export GIN_MODE=release
 - using code:	gin.SetMode(gin.ReleaseMode)

[GIN-debug] GET    /api/v1/public/saas-plans --> github.com/zkw/mini-schedule/backend/internal/interfaces/admin.(*Handler).listPublicSaaSPlans-fm (4 handlers)
[GIN-debug] POST   /api/v1/public/signup/sms-code --> github.com/zkw/mini-schedule/backend/internal/interfaces/admin.(*Handler).requestSignupSMSCode-fm (4 handlers)
[GIN-debug] POST   /api/v1/public/signup/pre-validate --> github.com/zkw/mini-schedule/backend/internal/interfaces/admin.(*Handler).preValidateSignup-fm (4 handlers)
[GIN-debug] POST   /api/v1/public/signup/orders --> github.com/zkw/mini-schedule/backend/internal/interfaces/admin.(*Handler).createPublicSignupOrder-fm (4 handlers)
[GIN-debug] POST   /api/v1/public/payment/native --> github.com/zkw/mini-schedule/backend/internal/interfaces/admin.(*Handler).createWeChatNativePay-fm (4 handlers)
[GIN-debug] GET    /api/v1/public/payment/orders/:order_id --> github.com/zkw/mini-schedule/backend/internal/interfaces/admin.(*Handler).getOrderPaymentStatus-fm (4 handlers)
[GIN-debug] POST   /api/v1/public/payment/callback --> github.com/zkw/mini-schedule/backend/internal/interfaces/admin.(*Handler).handleWeChatPaymentCallback-fm (4 handlers)
[GIN-debug] POST   /api/v1/brand/login       --> github.com/zkw/mini-schedule/backend/internal/interfaces/brand.(*Handler).login-fm (4 handlers)
[GIN-debug] POST   /api/v1/brand/users       --> github.com/zkw/mini-schedule/backend/internal/interfaces/brand.(*Handler).createUser-fm (5 handlers)
[GIN-debug] GET    /api/v1/brand/users       --> github.com/zkw/mini-schedule/backend/internal/interfaces/brand.(*Handler).listUsers-fm (5 handlers)
[GIN-debug] GET    /api/v1/brand/users/:id   --> github.com/zkw/mini-schedule/backend/internal/interfaces/brand.(*Handler).getUser-fm (5 handlers)
[GIN-debug] POST   /api/v1/brand/courses     --> github.com/zkw/mini-schedule/backend/internal/interfaces/brand.(*Handler).createCourse-fm (5 handlers)
[GIN-debug] GET    /api/v1/brand/courses     --> github.com/zkw/mini-schedule/backend/internal/interfaces/brand.(*Handler).listCourses-fm (5 handlers)
[GIN-debug] GET    /api/v1/brand/courses/:id --> github.com/zkw/mini-schedule/backend/internal/interfaces/brand.(*Handler).getCourse-fm (5 handlers)
[GIN-debug] PUT    /api/v1/brand/courses/:id --> github.com/zkw/mini-schedule/backend/internal/interfaces/brand.(*Handler).updateCourse-fm (5 handlers)
[GIN-debug] DELETE /api/v1/brand/courses/:id --> github.com/zkw/mini-schedule/backend/internal/interfaces/brand.(*Handler).deleteCourse-fm (5 handlers)
[GIN-debug] PATCH  /api/v1/brand/courses/:id/status --> github.com/zkw/mini-schedule/backend/internal/interfaces/brand.(*Handler).updateCourseStatus-fm (5 handlers)
[GIN-debug] GET    /api/v1/brand/trainings   --> github.com/zkw/mini-schedule/backend/internal/interfaces/brand.(*Handler).listTrainings-fm (5 handlers)
[GIN-debug] GET    /api/v1/brand/profile     --> github.com/zkw/mini-schedule/backend/internal/interfaces/brand.(*ProfileHandler).get-fm (5 handlers)
[GIN-debug] PATCH  /api/v1/brand/profile     --> github.com/zkw/mini-schedule/backend/internal/interfaces/brand.(*ProfileHandler).patch-fm (5 handlers)
[GIN-debug] GET    /api/v1/brand/onboarding/status --> github.com/zkw/mini-schedule/backend/internal/interfaces/brand.(*OnboardingHandler).getStatus-fm (5 handlers)
[GIN-debug] PATCH  /api/v1/brand/onboarding/steps/:step_key/skip --> github.com/zkw/mini-schedule/backend/internal/interfaces/brand.(*OnboardingHandler).skipStep-fm (5 handlers)
[GIN-debug] POST   /api/v1/brand/onboarding/complete --> github.com/zkw/mini-schedule/backend/internal/interfaces/brand.(*OnboardingHandler).complete-fm (5 handlers)
[GIN-debug] GET    /api/v1/brand/locations   --> github.com/zkw/mini-schedule/backend/internal/interfaces/brand.(*LocationHandler).list-fm (5 handlers)
[GIN-debug] GET    /api/v1/brand/locations/:id --> github.com/zkw/mini-schedule/backend/internal/interfaces/brand.(*LocationHandler).get-fm (5 handlers)
[GIN-debug] POST   /api/v1/brand/locations   --> github.com/zkw/mini-schedule/backend/internal/interfaces/brand.(*LocationHandler).create-fm (5 handlers)
[GIN-debug] PATCH  /api/v1/brand/locations/:id --> github.com/zkw/mini-schedule/backend/internal/interfaces/brand.(*LocationHandler).update-fm (5 handlers)
[GIN-debug] PATCH  /api/v1/brand/locations/:id/status --> github.com/zkw/mini-schedule/backend/internal/interfaces/brand.(*LocationHandler).updateStatus-fm (5 handlers)
[GIN-debug] DELETE /api/v1/brand/locations/:id --> github.com/zkw/mini-schedule/backend/internal/interfaces/brand.(*LocationHandler).delete-fm (5 handlers)
[GIN-debug] GET    /api/v1/brand/staff       --> github.com/zkw/mini-schedule/backend/internal/interfaces/brand.(*StaffHandler).list-fm (5 handlers)
[GIN-debug] GET    /api/v1/brand/staff/:id   --> github.com/zkw/mini-schedule/backend/internal/interfaces/brand.(*StaffHandler).get-fm (5 handlers)
[GIN-debug] POST   /api/v1/brand/staff       --> github.com/zkw/mini-schedule/backend/internal/interfaces/brand.(*StaffHandler).create-fm (5 handlers)
[GIN-debug] PATCH  /api/v1/brand/staff/:id   --> github.com/zkw/mini-schedule/backend/internal/interfaces/brand.(*StaffHandler).update-fm (5 handlers)
[GIN-debug] PATCH  /api/v1/brand/staff/:id/status --> github.com/zkw/mini-schedule/backend/internal/interfaces/brand.(*StaffHandler).updateStatus-fm (5 handlers)
[GIN-debug] DELETE /api/v1/brand/staff/:id   --> github.com/zkw/mini-schedule/backend/internal/interfaces/brand.(*StaffHandler).delete-fm (5 handlers)
[GIN-debug] PUT    /api/v1/brand/staff/:id/role-assignments --> github.com/zkw/mini-schedule/backend/internal/interfaces/brand.(*StaffHandler).replaceRoleAssignments-fm (5 handlers)
[GIN-debug] PUT    /api/v1/brand/staff/:id/location-assignments --> github.com/zkw/mini-schedule/backend/internal/interfaces/brand.(*StaffHandler).replaceLocationAssignments-fm (5 handlers)
[GIN-debug] GET    /api/v1/brand/staff/:id/instructor --> github.com/zkw/mini-schedule/backend/internal/interfaces/brand.(*StaffHandler).getInstructor-fm (5 handlers)
[GIN-debug] PUT    /api/v1/brand/staff/:id/instructor --> github.com/zkw/mini-schedule/backend/internal/interfaces/brand.(*StaffHandler).upsertInstructor-fm (5 handlers)
[GIN-debug] DELETE /api/v1/brand/staff/:id/instructor --> github.com/zkw/mini-schedule/backend/internal/interfaces/brand.(*StaffHandler).deleteInstructor-fm (5 handlers)
[GIN-debug] GET    /api/v1/brand/roles       --> github.com/zkw/mini-schedule/backend/internal/interfaces/brand.(*StaffHandler).listRoles-fm (5 handlers)
[GIN-debug] GET    /api/v1/brand/me/permissions --> github.com/zkw/mini-schedule/backend/internal/interfaces/brand.(*MeHandler).permissions-fm (5 handlers)
[GIN-debug] GET    /swagger/*any             --> github.com/swaggo/gin-swagger.CustomWrapHandler.func1 (4 handlers)
time=2026-06-11T17:01:05.212+08:00 level=INFO msg="brand server starting" addr=:8081
time=2026-06-11T17:01:07.870+08:00 level=INFO msg="GORM trace" elapsed=3.579583ms sql="SELECT \"is_owner\" FROM \"brand_users\" WHERE id = 16 AND brand_id = 21 AND deleted_at IS NULL LIMIT 1" rows=1
time=2026-06-11T17:01:07.875+08:00 level=INFO msg="GORM trace" elapsed=9.43175ms sql="SELECT * FROM \"brands\" WHERE id = 21 AND \"brands\".\"deleted_at\" IS NULL ORDER BY \"brands\".\"id\" LIMIT 1" rows=1
time=2026-06-11T17:01:07.882+08:00 level=INFO msg="GORM trace" elapsed=7.088708ms sql="SELECT * FROM \"brand_onboarding_steps\" WHERE brand_id = 21" rows=3
time=2026-06-11T17:01:07.884+08:00 level=INFO msg="GORM trace" elapsed=1.254167ms sql="SELECT COUNT(*) FROM locations WHERE brand_id = 21 AND deleted_at IS NULL" rows=1
time=2026-06-11T17:01:07.885+08:00 level=INFO msg="GORM trace" elapsed=1.3145ms sql="SELECT COUNT(*) FROM brand_users WHERE brand_id = 21 AND deleted_at IS NULL AND status = 'active'" rows=1
time=2026-06-11T17:01:07.889+08:00 level=INFO msg="GORM trace" elapsed=3.336625ms sql="SELECT COUNT(*) FROM instructor_profiles WHERE brand_id = 21 AND status = 'active'" rows=1
time=2026-06-11T17:01:07.889+08:00 level=INFO msg="GORM trace" elapsed=19.39375ms sql="SELECT bura.role_id, br.scope_type, bura.location_id, bura.data_scope, p.code FROM brand_user_role_assignments AS bura JOIN brand_roles br ON br.id = bura.role_id AND br.status = 'active' LEFT JOIN brand_role_permissions brp ON brp.role_id = bura.role_id LEFT JOIN permissions p ON p.id = brp.permission_id AND p.status = 'active' WHERE bura.brand_user_id = 16 AND bura.brand_id = 21 AND bura.status = 'active'" rows=38
time=2026-06-11T17:01:07.890+08:00 level=INFO msg="GORM trace" elapsed=898.792µs sql="SELECT COUNT(*) FROM course_categories WHERE brand_id = 21 AND status = 'active'" rows=1
time=2026-06-11T17:01:07.890+08:00 level=INFO msg="GORM trace" elapsed=850.416µs sql="SELECT \"code\" FROM \"permissions\" WHERE status = 'active' ORDER BY code ASC" rows=38
time=2026-06-11T17:01:07.891+08:00 level=INFO msg="GORM trace" elapsed=1.071542ms sql="SELECT COUNT(*) FROM courses WHERE brand_id = 21 AND deleted_at IS NULL AND status = 'active'" rows=1
time=2026-06-11T17:01:07.892+08:00 level=INFO msg="GORM trace" elapsed=1.331292ms sql="SELECT COUNT(*) FROM entitlement_products WHERE brand_id = 21 AND status = 'active'" rows=1
time=2026-06-11T17:01:07.896+08:00 level=INFO msg="GORM trace" elapsed=4.216875ms sql="SELECT COUNT(*) FROM class_sessions WHERE brand_id = 21 AND status IN ('scheduled', 'in_progress', 'completed')" rows=1
time=2026-06-11T17:01:12.999+08:00 level=INFO msg="GORM trace" elapsed=549.917µs sql="SELECT count(*) FROM \"locations\" WHERE brand_id = 21 AND status = 'active' AND \"locations\".\"deleted_at\" IS NULL" rows=1
time=2026-06-11T17:01:12.999+08:00 level=INFO msg="GORM trace" elapsed=397.583µs sql="SELECT count(*) FROM \"brand_users\" WHERE (brand_id = 21 AND deleted_at IS NULL) AND \"brand_users\".\"deleted_at\" IS NULL" rows=1
time=2026-06-11T17:01:13.000+08:00 level=INFO msg="GORM trace" elapsed=353.125µs sql="SELECT * FROM \"brand_users\" WHERE (brand_id = 21 AND deleted_at IS NULL) AND \"brand_users\".\"deleted_at\" IS NULL ORDER BY id ASC LIMIT 20" rows=4
time=2026-06-11T17:01:13.000+08:00 level=INFO msg="GORM trace" elapsed=759.334µs sql="SELECT * FROM \"locations\" WHERE brand_id = 21 AND status = 'active' AND \"locations\".\"deleted_at\" IS NULL ORDER BY id DESC LIMIT 100" rows=1
time=2026-06-11T17:01:13.002+08:00 level=INFO msg="GORM trace" elapsed=1.914917ms sql="SELECT a.id, a.brand_user_id, a.role_id, br.code, br.name, br.scope_type, a.location_id, a.data_scope, a.status FROM brand_user_role_assignments AS a JOIN brand_roles br ON br.id = a.role_id JOIN brand_users bu ON bu.id = a.brand_user_id WHERE a.brand_id = 21 AND a.brand_user_id IN (16,17,18,19) AND bu.deleted_at IS NULL" rows=5
time=2026-06-11T17:01:13.005+08:00 level=INFO msg="GORM trace" elapsed=2.629833ms sql="SELECT a.id, a.brand_user_id, a.location_id, l.name AS location_name, a.assignment_type, a.is_primary, a.status FROM staff_location_assignments AS a JOIN locations l ON l.id = a.location_id JOIN brand_users bu ON bu.id = a.brand_user_id WHERE a.brand_id = 21 AND a.brand_user_id IN (16,17,18,19) AND bu.deleted_at IS NULL AND l.deleted_at IS NULL" rows=2
time=2026-06-11T17:01:13.005+08:00 level=INFO msg="GORM trace" elapsed=445.542µs sql="SELECT brand_user_id FROM \"instructor_profiles\" WHERE brand_id = 21 AND brand_user_id IN (16,17,18,19)" rows=1
time=2026-06-11T17:01:13.837+08:00 level=INFO msg="GORM trace" elapsed=714.125µs sql="SELECT * FROM \"brand_roles\" WHERE brand_id = 21 ORDER BY id ASC" rows=8
time=2026-06-11T17:01:13.840+08:00 level=INFO msg="GORM trace" elapsed=3.550625ms sql="SELECT brp.role_id, p.* FROM brand_role_permissions AS brp JOIN permissions p ON p.id = brp.permission_id WHERE brp.role_id IN (17,18,19,20,21,22,23,24)" rows=137
time=2026-06-11T17:01:31.548+08:00 level=INFO msg="GORM trace" elapsed=905.958µs sql="SELECT * FROM \"brand_users\" WHERE phone = '13900139001' AND \"brand_users\".\"deleted_at\" IS NULL ORDER BY \"brand_users\".\"id\" LIMIT 1" rows=1
time=2026-06-11T17:01:31.620+08:00 level=INFO msg="GORM trace" elapsed=441.25µs sql="SELECT * FROM \"brand_users\" WHERE phone = '13900139001' AND \"brand_users\".\"deleted_at\" IS NULL ORDER BY \"brand_users\".\"id\" LIMIT 1" rows=1
time=2026-06-11T17:01:31.699+08:00 level=INFO msg="GORM trace" elapsed=361.792µs sql="SELECT \"is_owner\" FROM \"brand_users\" WHERE id = 18 AND brand_id = 21 AND deleted_at IS NULL LIMIT 1" rows=1
time=2026-06-11T17:01:31.700+08:00 level=INFO msg="GORM trace" elapsed=749.459µs sql="SELECT bura.role_id, br.scope_type, bura.location_id, bura.data_scope, p.code FROM brand_user_role_assignments AS bura JOIN brand_roles br ON br.id = bura.role_id AND br.status = 'active' LEFT JOIN brand_role_permissions brp ON brp.role_id = bura.role_id LEFT JOIN permissions p ON p.id = brp.permission_id AND p.status = 'active' WHERE bura.brand_user_id = 18 AND bura.brand_id = 21 AND bura.status = 'active'" rows=19
time=2026-06-11T17:01:31.701+08:00 level=INFO msg="GORM trace" elapsed=361µs sql="SELECT count(*) FROM \"locations\" WHERE brand_id = 21 AND status = 'active' AND id IN (1) AND \"locations\".\"deleted_at\" IS NULL" rows=1
time=2026-06-11T17:01:31.701+08:00 level=INFO msg="GORM trace" elapsed=541.5µs sql="SELECT * FROM \"locations\" WHERE brand_id = 21 AND status = 'active' AND id IN (1) AND \"locations\".\"deleted_at\" IS NULL ORDER BY id DESC LIMIT 100" rows=1
time=2026-06-11T17:01:31.705+08:00 level=INFO msg="GORM trace" elapsed=640.375µs sql="SELECT count(*) FROM \"brand_users\" WHERE (brand_id = 21 AND deleted_at IS NULL) AND (EXISTS (SELECT 1 FROM staff_location_assignments sla WHERE sla.brand_user_id = brand_users.id AND sla.brand_id = 21 AND sla.status = 'active' AND sla.location_id IN (1))) AND \"brand_users\".\"deleted_at\" IS NULL" rows=1
time=2026-06-11T17:01:31.706+08:00 level=INFO msg="GORM trace" elapsed=1.054916ms sql="SELECT * FROM \"brand_users\" WHERE (brand_id = 21 AND deleted_at IS NULL) AND (EXISTS (SELECT 1 FROM staff_location_assignments sla WHERE sla.brand_user_id = brand_users.id AND sla.brand_id = 21 AND sla.status = 'active' AND sla.location_id IN (1))) AND \"brand_users\".\"deleted_at\" IS NULL ORDER BY id ASC LIMIT 20" rows=2
time=2026-06-11T17:01:31.707+08:00 level=INFO msg="GORM trace" elapsed=485.042µs sql="SELECT a.id, a.brand_user_id, a.role_id, br.code, br.name, br.scope_type, a.location_id, a.data_scope, a.status FROM brand_user_role_assignments AS a JOIN brand_roles br ON br.id = a.role_id JOIN brand_users bu ON bu.id = a.brand_user_id WHERE a.brand_id = 21 AND a.brand_user_id IN (17,18) AND bu.deleted_at IS NULL" rows=3
time=2026-06-11T17:01:31.707+08:00 level=INFO msg="GORM trace" elapsed=491.375µs sql="SELECT a.id, a.brand_user_id, a.location_id, l.name AS location_name, a.assignment_type, a.is_primary, a.status FROM staff_location_assignments AS a JOIN locations l ON l.id = a.location_id JOIN brand_users bu ON bu.id = a.brand_user_id WHERE a.brand_id = 21 AND a.brand_user_id IN (17,18) AND bu.deleted_at IS NULL AND l.deleted_at IS NULL" rows=2
time=2026-06-11T17:01:31.708+08:00 level=INFO msg="GORM trace" elapsed=322µs sql="SELECT brand_user_id FROM \"instructor_profiles\" WHERE brand_id = 21 AND brand_user_id IN (17,18)" rows=1
time=2026-06-11T17:01:39.169+08:00 level=INFO msg="GORM trace" elapsed=411.542µs sql="SELECT * FROM \"brands\" WHERE id = 21 AND \"brands\".\"deleted_at\" IS NULL ORDER BY \"brands\".\"id\" LIMIT 1" rows=1
time=2026-06-11T17:01:39.169+08:00 level=INFO msg="GORM trace" elapsed=162.667µs sql="SELECT * FROM \"brand_onboarding_steps\" WHERE brand_id = 21" rows=3
time=2026-06-11T17:01:39.169+08:00 level=INFO msg="GORM trace" elapsed=113.958µs sql="SELECT COUNT(*) FROM locations WHERE brand_id = 21 AND deleted_at IS NULL" rows=1
time=2026-06-11T17:01:39.169+08:00 level=INFO msg="GORM trace" elapsed=132.042µs sql="SELECT COUNT(*) FROM brand_users WHERE brand_id = 21 AND deleted_at IS NULL AND status = 'active'" rows=1
time=2026-06-11T17:01:39.170+08:00 level=INFO msg="GORM trace" elapsed=90.625µs sql="SELECT COUNT(*) FROM instructor_profiles WHERE brand_id = 21 AND status = 'active'" rows=1
time=2026-06-11T17:01:39.170+08:00 level=INFO msg="GORM trace" elapsed=193.833µs sql="SELECT COUNT(*) FROM course_categories WHERE brand_id = 21 AND status = 'active'" rows=1
time=2026-06-11T17:01:39.170+08:00 level=INFO msg="GORM trace" elapsed=121.917µs sql="SELECT COUNT(*) FROM courses WHERE brand_id = 21 AND deleted_at IS NULL AND status = 'active'" rows=1
time=2026-06-11T17:01:39.170+08:00 level=INFO msg="GORM trace" elapsed=106.25µs sql="SELECT COUNT(*) FROM entitlement_products WHERE brand_id = 21 AND status = 'active'" rows=1
time=2026-06-11T17:01:39.170+08:00 level=INFO msg="GORM trace" elapsed=151.625µs sql="SELECT COUNT(*) FROM class_sessions WHERE brand_id = 21 AND status IN ('scheduled', 'in_progress', 'completed')" rows=1
time=2026-06-11T17:01:48.261+08:00 level=INFO msg="GORM trace" elapsed=1.0505ms sql="SELECT * FROM \"brand_users\" WHERE phone = '18816820405' AND \"brand_users\".\"deleted_at\" IS NULL ORDER BY \"brand_users\".\"id\" LIMIT 1" rows=1
time=2026-06-11T17:01:48.335+08:00 level=INFO msg="GORM trace" elapsed=430.084µs sql="SELECT * FROM \"brand_users\" WHERE phone = '18816820405' AND \"brand_users\".\"deleted_at\" IS NULL ORDER BY \"brand_users\".\"id\" LIMIT 1" rows=1
time=2026-06-11T17:01:48.401+08:00 level=INFO msg="GORM trace" elapsed=336.708µs sql="SELECT * FROM \"brands\" WHERE id = 21 AND \"brands\".\"deleted_at\" IS NULL ORDER BY \"brands\".\"id\" LIMIT 1" rows=1
time=2026-06-11T17:01:48.401+08:00 level=INFO msg="GORM trace" elapsed=201.75µs sql="SELECT * FROM \"brand_onboarding_steps\" WHERE brand_id = 21" rows=3
time=2026-06-11T17:01:48.401+08:00 level=INFO msg="GORM trace" elapsed=135.708µs sql="SELECT COUNT(*) FROM locations WHERE brand_id = 21 AND deleted_at IS NULL" rows=1
time=2026-06-11T17:01:48.401+08:00 level=INFO msg="GORM trace" elapsed=119.083µs sql="SELECT COUNT(*) FROM brand_users WHERE brand_id = 21 AND deleted_at IS NULL AND status = 'active'" rows=1
time=2026-06-11T17:01:48.401+08:00 level=INFO msg="GORM trace" elapsed=109.083µs sql="SELECT COUNT(*) FROM instructor_profiles WHERE brand_id = 21 AND status = 'active'" rows=1
time=2026-06-11T17:01:48.402+08:00 level=INFO msg="GORM trace" elapsed=103.25µs sql="SELECT COUNT(*) FROM course_categories WHERE brand_id = 21 AND status = 'active'" rows=1
time=2026-06-11T17:01:48.402+08:00 level=INFO msg="GORM trace" elapsed=114.917µs sql="SELECT COUNT(*) FROM courses WHERE brand_id = 21 AND deleted_at IS NULL AND status = 'active'" rows=1
time=2026-06-11T17:01:48.402+08:00 level=INFO msg="GORM trace" elapsed=92.5µs sql="SELECT COUNT(*) FROM entitlement_products WHERE brand_id = 21 AND status = 'active'" rows=1
time=2026-06-11T17:01:48.402+08:00 level=INFO msg="GORM trace" elapsed=149.208µs sql="SELECT COUNT(*) FROM class_sessions WHERE brand_id = 21 AND status IN ('scheduled', 'in_progress', 'completed')" rows=1
time=2026-06-11T17:01:55.879+08:00 level=INFO msg="GORM trace" elapsed=391.792µs sql="SELECT count(*) FROM \"locations\" WHERE brand_id = 21 AND status = 'active' AND \"locations\".\"deleted_at\" IS NULL" rows=1
time=2026-06-11T17:01:55.880+08:00 level=INFO msg="GORM trace" elapsed=249.917µs sql="SELECT count(*) FROM \"brand_users\" WHERE (brand_id = 21 AND deleted_at IS NULL) AND \"brand_users\".\"deleted_at\" IS NULL" rows=1
time=2026-06-11T17:01:55.880+08:00 level=INFO msg="GORM trace" elapsed=201.292µs sql="SELECT * FROM \"brand_users\" WHERE (brand_id = 21 AND deleted_at IS NULL) AND \"brand_users\".\"deleted_at\" IS NULL ORDER BY id ASC LIMIT 20" rows=4
time=2026-06-11T17:01:55.880+08:00 level=INFO msg="GORM trace" elapsed=250.292µs sql="SELECT * FROM \"locations\" WHERE brand_id = 21 AND status = 'active' AND \"locations\".\"deleted_at\" IS NULL ORDER BY id DESC LIMIT 100" rows=1
time=2026-06-11T17:01:55.881+08:00 level=INFO msg="GORM trace" elapsed=687.25µs sql="SELECT a.id, a.brand_user_id, a.role_id, br.code, br.name, br.scope_type, a.location_id, a.data_scope, a.status FROM brand_user_role_assignments AS a JOIN brand_roles br ON br.id = a.role_id JOIN brand_users bu ON bu.id = a.brand_user_id WHERE a.brand_id = 21 AND a.brand_user_id IN (16,17,18,19) AND bu.deleted_at IS NULL" rows=5
time=2026-06-11T17:01:55.882+08:00 level=INFO msg="GORM trace" elapsed=1.021709ms sql="SELECT a.id, a.brand_user_id, a.location_id, l.name AS location_name, a.assignment_type, a.is_primary, a.status FROM staff_location_assignments AS a JOIN locations l ON l.id = a.location_id JOIN brand_users bu ON bu.id = a.brand_user_id WHERE a.brand_id = 21 AND a.brand_user_id IN (16,17,18,19) AND bu.deleted_at IS NULL AND l.deleted_at IS NULL" rows=2
time=2026-06-11T17:01:55.883+08:00 level=INFO msg="GORM trace" elapsed=1.141167ms sql="SELECT brand_user_id FROM \"instructor_profiles\" WHERE brand_id = 21 AND brand_user_id IN (16,17,18,19)" rows=1
time=2026-06-11T17:01:55.963+08:00 level=INFO msg="GORM trace" elapsed=1.760125ms sql="SELECT * FROM \"brands\" WHERE id = 21 AND \"brands\".\"deleted_at\" IS NULL ORDER BY \"brands\".\"id\" LIMIT 1" rows=1
time=2026-06-11T17:01:55.964+08:00 level=INFO msg="GORM trace" elapsed=1.069292ms sql="SELECT * FROM \"brand_onboarding_steps\" WHERE brand_id = 21" rows=3
time=2026-06-11T17:01:55.964+08:00 level=INFO msg="GORM trace" elapsed=481.875µs sql="SELECT COUNT(*) FROM locations WHERE brand_id = 21 AND deleted_at IS NULL" rows=1
time=2026-06-11T17:01:55.965+08:00 level=INFO msg="GORM trace" elapsed=282.041µs sql="SELECT COUNT(*) FROM brand_users WHERE brand_id = 21 AND deleted_at IS NULL AND status = 'active'" rows=1
time=2026-06-11T17:01:55.965+08:00 level=INFO msg="GORM trace" elapsed=266.041µs sql="SELECT COUNT(*) FROM instructor_profiles WHERE brand_id = 21 AND status = 'active'" rows=1
time=2026-06-11T17:01:55.966+08:00 level=INFO msg="GORM trace" elapsed=820.542µs sql="SELECT COUNT(*) FROM course_categories WHERE brand_id = 21 AND status = 'active'" rows=1
time=2026-06-11T17:01:55.967+08:00 level=INFO msg="GORM trace" elapsed=1.421375ms sql="SELECT COUNT(*) FROM courses WHERE brand_id = 21 AND deleted_at IS NULL AND status = 'active'" rows=1
time=2026-06-11T17:01:55.968+08:00 level=INFO msg="GORM trace" elapsed=1.098083ms sql="SELECT COUNT(*) FROM entitlement_products WHERE brand_id = 21 AND status = 'active'" rows=1
time=2026-06-11T17:01:55.970+08:00 level=INFO msg="GORM trace" elapsed=1.959084ms sql="SELECT COUNT(*) FROM class_sessions WHERE brand_id = 21 AND status IN ('scheduled', 'in_progress', 'completed')" rows=1
time=2026-06-11T17:02:01.242+08:00 level=INFO msg="GORM trace" elapsed=363.333µs sql="SELECT count(*) FROM \"brand_users\" WHERE (brand_id = 21 AND deleted_at IS NULL) AND \"brand_users\".\"deleted_at\" IS NULL" rows=1
time=2026-06-11T17:02:01.242+08:00 level=INFO msg="GORM trace" elapsed=576.125µs sql="SELECT count(*) FROM \"locations\" WHERE brand_id = 21 AND status = 'active' AND \"locations\".\"deleted_at\" IS NULL" rows=1
time=2026-06-11T17:02:01.242+08:00 level=INFO msg="GORM trace" elapsed=324.667µs sql="SELECT * FROM \"locations\" WHERE brand_id = 21 AND status = 'active' AND \"locations\".\"deleted_at\" IS NULL ORDER BY id DESC LIMIT 100" rows=1
time=2026-06-11T17:02:01.242+08:00 level=INFO msg="GORM trace" elapsed=411.125µs sql="SELECT * FROM \"brand_users\" WHERE (brand_id = 21 AND deleted_at IS NULL) AND \"brand_users\".\"deleted_at\" IS NULL ORDER BY id ASC LIMIT 20" rows=4
time=2026-06-11T17:02:01.243+08:00 level=INFO msg="GORM trace" elapsed=576.834µs sql="SELECT a.id, a.brand_user_id, a.role_id, br.code, br.name, br.scope_type, a.location_id, a.data_scope, a.status FROM brand_user_role_assignments AS a JOIN brand_roles br ON br.id = a.role_id JOIN brand_users bu ON bu.id = a.brand_user_id WHERE a.brand_id = 21 AND a.brand_user_id IN (16,17,18,19) AND bu.deleted_at IS NULL" rows=5
time=2026-06-11T17:02:01.246+08:00 level=INFO msg="GORM trace" elapsed=3.097791ms sql="SELECT a.id, a.brand_user_id, a.location_id, l.name AS location_name, a.assignment_type, a.is_primary, a.status FROM staff_location_assignments AS a JOIN locations l ON l.id = a.location_id JOIN brand_users bu ON bu.id = a.brand_user_id WHERE a.brand_id = 21 AND a.brand_user_id IN (16,17,18,19) AND bu.deleted_at IS NULL AND l.deleted_at IS NULL" rows=2
time=2026-06-11T17:02:01.247+08:00 level=INFO msg="GORM trace" elapsed=799.958µs sql="SELECT brand_user_id FROM \"instructor_profiles\" WHERE brand_id = 21 AND brand_user_id IN (16,17,18,19)" rows=1
time=2026-06-11T17:02:15.975+08:00 level=INFO msg="GORM trace" elapsed=2.61725ms sql="SELECT * FROM \"brand_users\" WHERE phone = '13900139001' AND \"brand_users\".\"deleted_at\" IS NULL ORDER BY \"brand_users\".\"id\" LIMIT 1" rows=1
time=2026-06-11T17:02:16.036+08:00 level=INFO msg="GORM trace" elapsed=422.959µs sql="SELECT * FROM \"brand_users\" WHERE phone = '13900139001' AND \"brand_users\".\"deleted_at\" IS NULL ORDER BY \"brand_users\".\"id\" LIMIT 1" rows=1
time=2026-06-11T17:02:16.119+08:00 level=INFO msg="GORM trace" elapsed=767.709µs sql="SELECT count(*) FROM \"locations\" WHERE brand_id = 21 AND status = 'active' AND id IN (1) AND \"locations\".\"deleted_at\" IS NULL" rows=1
time=2026-06-11T17:02:16.120+08:00 level=INFO msg="GORM trace" elapsed=827.583µs sql="SELECT count(*) FROM \"brand_users\" WHERE (brand_id = 21 AND deleted_at IS NULL) AND (EXISTS (SELECT 1 FROM staff_location_assignments sla WHERE sla.brand_user_id = brand_users.id AND sla.brand_id = 21 AND sla.status = 'active' AND sla.location_id IN (1))) AND \"brand_users\".\"deleted_at\" IS NULL" rows=1
time=2026-06-11T17:02:16.121+08:00 level=INFO msg="GORM trace" elapsed=1.088709ms sql="SELECT * FROM \"locations\" WHERE brand_id = 21 AND status = 'active' AND id IN (1) AND \"locations\".\"deleted_at\" IS NULL ORDER BY id DESC LIMIT 100" rows=1
time=2026-06-11T17:02:16.121+08:00 level=INFO msg="GORM trace" elapsed=1.310583ms sql="SELECT * FROM \"brand_users\" WHERE (brand_id = 21 AND deleted_at IS NULL) AND (EXISTS (SELECT 1 FROM staff_location_assignments sla WHERE sla.brand_user_id = brand_users.id AND sla.brand_id = 21 AND sla.status = 'active' AND sla.location_id IN (1))) AND \"brand_users\".\"deleted_at\" IS NULL ORDER BY id ASC LIMIT 20" rows=2
time=2026-06-11T17:02:16.123+08:00 level=INFO msg="GORM trace" elapsed=1.227041ms sql="SELECT a.id, a.brand_user_id, a.role_id, br.code, br.name, br.scope_type, a.location_id, a.data_scope, a.status FROM brand_user_role_assignments AS a JOIN brand_roles br ON br.id = a.role_id JOIN brand_users bu ON bu.id = a.brand_user_id WHERE a.brand_id = 21 AND a.brand_user_id IN (17,18) AND bu.deleted_at IS NULL" rows=3
time=2026-06-11T17:02:16.123+08:00 level=INFO msg="GORM trace" elapsed=728.959µs sql="SELECT a.id, a.brand_user_id, a.location_id, l.name AS location_name, a.assignment_type, a.is_primary, a.status FROM staff_location_assignments AS a JOIN locations l ON l.id = a.location_id JOIN brand_users bu ON bu.id = a.brand_user_id WHERE a.brand_id = 21 AND a.brand_user_id IN (17,18) AND bu.deleted_at IS NULL AND l.deleted_at IS NULL" rows=2
time=2026-06-11T17:02:16.124+08:00 level=INFO msg="GORM trace" elapsed=399.917µs sql="SELECT brand_user_id FROM \"instructor_profiles\" WHERE brand_id = 21 AND brand_user_id IN (17,18)" rows=1
time=2026-06-11T17:02:22.790+08:00 level=INFO msg="GORM trace" elapsed=347.333µs sql="SELECT count(*) FROM \"staff_location_assignments\" WHERE brand_id = 21 AND brand_user_id = 17 AND status = 'active' AND location_id IN (1)" rows=1
time=2026-06-11T17:02:22.790+08:00 level=INFO msg="GORM trace" elapsed=221.792µs sql="SELECT * FROM \"brand_users\" WHERE (id = 17 AND brand_id = 21 AND deleted_at IS NULL) AND \"brand_users\".\"deleted_at\" IS NULL ORDER BY \"brand_users\".\"id\" LIMIT 1" rows=1
time=2026-06-11T17:02:22.791+08:00 level=INFO msg="GORM trace" elapsed=678.292µs sql="SELECT a.id, a.brand_user_id, a.role_id, br.code, br.name, br.scope_type, a.location_id, a.data_scope, a.status FROM brand_user_role_assignments AS a JOIN brand_roles br ON br.id = a.role_id JOIN brand_users bu ON bu.id = a.brand_user_id WHERE a.brand_id = 21 AND a.brand_user_id IN (17) AND bu.deleted_at IS NULL" rows=2
time=2026-06-11T17:02:22.791+08:00 level=INFO msg="GORM trace" elapsed=577.625µs sql="SELECT a.id, a.brand_user_id, a.location_id, l.name AS location_name, a.assignment_type, a.is_primary, a.status FROM staff_location_assignments AS a JOIN locations l ON l.id = a.location_id JOIN brand_users bu ON bu.id = a.brand_user_id WHERE a.brand_id = 21 AND a.brand_user_id IN (17) AND bu.deleted_at IS NULL AND l.deleted_at IS NULL" rows=1
time=2026-06-11T17:02:22.792+08:00 level=INFO msg="GORM trace" elapsed=277µs sql="SELECT brand_user_id FROM \"instructor_profiles\" WHERE brand_id = 21 AND brand_user_id IN (17)" rows=0
time=2026-06-11T17:02:39.034+08:00 level=INFO msg="GORM trace" elapsed=456.792µs sql="SELECT \"is_owner\" FROM \"brand_users\" WHERE id = 18 AND brand_id = 21 AND deleted_at IS NULL LIMIT 1" rows=1
time=2026-06-11T17:02:39.036+08:00 level=INFO msg="GORM trace" elapsed=1.07575ms sql="SELECT bura.role_id, br.scope_type, bura.location_id, bura.data_scope, p.code FROM brand_user_role_assignments AS bura JOIN brand_roles br ON br.id = bura.role_id AND br.status = 'active' LEFT JOIN brand_role_permissions brp ON brp.role_id = bura.role_id LEFT JOIN permissions p ON p.id = brp.permission_id AND p.status = 'active' WHERE bura.brand_user_id = 18 AND bura.brand_id = 21 AND bura.status = 'active'" rows=19
time=2026-06-11T17:02:46.029+08:00 level=INFO msg="GORM trace" elapsed=290.416µs sql="SELECT count(*) FROM \"staff_location_assignments\" WHERE brand_id = 21 AND brand_user_id = 18 AND status = 'active' AND location_id IN (1)" rows=1
time=2026-06-11T17:02:46.029+08:00 level=INFO msg="GORM trace" elapsed=169.083µs sql="SELECT * FROM \"brand_users\" WHERE (id = 18 AND brand_id = 21 AND deleted_at IS NULL) AND \"brand_users\".\"deleted_at\" IS NULL ORDER BY \"brand_users\".\"id\" LIMIT 1" rows=1
time=2026-06-11T17:02:46.030+08:00 level=INFO msg="GORM trace" elapsed=251.583µs sql="SELECT a.id, a.brand_user_id, a.role_id, br.code, br.name, br.scope_type, a.location_id, a.data_scope, a.status FROM brand_user_role_assignments AS a JOIN brand_roles br ON br.id = a.role_id JOIN brand_users bu ON bu.id = a.brand_user_id WHERE a.brand_id = 21 AND a.brand_user_id IN (18) AND bu.deleted_at IS NULL" rows=1
time=2026-06-11T17:02:46.030+08:00 level=INFO msg="GORM trace" elapsed=214.334µs sql="SELECT a.id, a.brand_user_id, a.location_id, l.name AS location_name, a.assignment_type, a.is_primary, a.status FROM staff_location_assignments AS a JOIN locations l ON l.id = a.location_id JOIN brand_users bu ON bu.id = a.brand_user_id WHERE a.brand_id = 21 AND a.brand_user_id IN (18) AND bu.deleted_at IS NULL AND l.deleted_at IS NULL" rows=1
time=2026-06-11T17:02:46.030+08:00 level=INFO msg="GORM trace" elapsed=121.667µs sql="SELECT brand_user_id FROM \"instructor_profiles\" WHERE brand_id = 21 AND brand_user_id IN (18)" rows=1
time=2026-06-11T17:02:58.708+08:00 level=INFO msg="GORM trace" elapsed=797.042µs sql="SELECT * FROM \"brand_users\" WHERE phone = '18816820405' AND \"brand_users\".\"deleted_at\" IS NULL ORDER BY \"brand_users\".\"id\" LIMIT 1" rows=1
time=2026-06-11T17:02:58.785+08:00 level=INFO msg="GORM trace" elapsed=511.375µs sql="SELECT * FROM \"brand_users\" WHERE phone = '18816820405' AND \"brand_users\".\"deleted_at\" IS NULL ORDER BY \"brand_users\".\"id\" LIMIT 1" rows=1
time=2026-06-11T17:02:58.834+08:00 level=INFO msg="GORM trace" elapsed=312µs sql="SELECT \"is_owner\" FROM \"brand_users\" WHERE id = 16 AND brand_id = 21 AND deleted_at IS NULL LIMIT 1" rows=1
time=2026-06-11T17:02:58.835+08:00 level=INFO msg="GORM trace" elapsed=938.792µs sql="SELECT \"is_owner\" FROM \"brand_users\" WHERE id = 16 AND brand_id = 21 AND deleted_at IS NULL LIMIT 1" rows=1
time=2026-06-11T17:02:58.836+08:00 level=INFO msg="GORM trace" elapsed=1.615375ms sql="SELECT bura.role_id, br.scope_type, bura.location_id, bura.data_scope, p.code FROM brand_user_role_assignments AS bura JOIN brand_roles br ON br.id = bura.role_id AND br.status = 'active' LEFT JOIN brand_role_permissions brp ON brp.role_id = bura.role_id LEFT JOIN permissions p ON p.id = brp.permission_id AND p.status = 'active' WHERE bura.brand_user_id = 16 AND bura.brand_id = 21 AND bura.status = 'active'" rows=38
time=2026-06-11T17:02:58.836+08:00 level=INFO msg="GORM trace" elapsed=225.625µs sql="SELECT count(*) FROM \"locations\" WHERE brand_id = 21 AND status = 'active' AND \"locations\".\"deleted_at\" IS NULL" rows=1
time=2026-06-11T17:02:58.836+08:00 level=INFO msg="GORM trace" elapsed=881.167µs sql="SELECT bura.role_id, br.scope_type, bura.location_id, bura.data_scope, p.code FROM brand_user_role_assignments AS bura JOIN brand_roles br ON br.id = bura.role_id AND br.status = 'active' LEFT JOIN brand_role_permissions brp ON brp.role_id = bura.role_id LEFT JOIN permissions p ON p.id = brp.permission_id AND p.status = 'active' WHERE bura.brand_user_id = 16 AND bura.brand_id = 21 AND bura.status = 'active'" rows=38
time=2026-06-11T17:02:58.836+08:00 level=INFO msg="GORM trace" elapsed=284.375µs sql="SELECT * FROM \"locations\" WHERE brand_id = 21 AND status = 'active' AND \"locations\".\"deleted_at\" IS NULL ORDER BY id DESC LIMIT 100" rows=1
time=2026-06-11T17:02:58.837+08:00 level=INFO msg="GORM trace" elapsed=178.375µs sql="SELECT count(*) FROM \"brand_users\" WHERE (brand_id = 21 AND deleted_at IS NULL) AND \"brand_users\".\"deleted_at\" IS NULL" rows=1
time=2026-06-11T17:02:58.837+08:00 level=INFO msg="GORM trace" elapsed=240.792µs sql="SELECT * FROM \"brand_users\" WHERE (brand_id = 21 AND deleted_at IS NULL) AND \"brand_users\".\"deleted_at\" IS NULL ORDER BY id ASC LIMIT 20" rows=4
time=2026-06-11T17:02:58.873+08:00 level=INFO msg="GORM trace" elapsed=35.707916ms sql="SELECT a.id, a.brand_user_id, a.role_id, br.code, br.name, br.scope_type, a.location_id, a.data_scope, a.status FROM brand_user_role_assignments AS a JOIN brand_roles br ON br.id = a.role_id JOIN brand_users bu ON bu.id = a.brand_user_id WHERE a.brand_id = 21 AND a.brand_user_id IN (16,17,18,19) AND bu.deleted_at IS NULL" rows=5
time=2026-06-11T17:02:58.876+08:00 level=INFO msg="GORM trace" elapsed=2.54225ms sql="SELECT a.id, a.brand_user_id, a.location_id, l.name AS location_name, a.assignment_type, a.is_primary, a.status FROM staff_location_assignments AS a JOIN locations l ON l.id = a.location_id JOIN brand_users bu ON bu.id = a.brand_user_id WHERE a.brand_id = 21 AND a.brand_user_id IN (16,17,18,19) AND bu.deleted_at IS NULL AND l.deleted_at IS NULL" rows=2
time=2026-06-11T17:02:58.877+08:00 level=INFO msg="GORM trace" elapsed=894.708µs sql="SELECT brand_user_id FROM \"instructor_profiles\" WHERE brand_id = 21 AND brand_user_id IN (16,17,18,19)" rows=1
time=2026-06-11T17:02:58.877+08:00 level=INFO msg="GORM trace" elapsed=42.165541ms sql="SELECT \"is_owner\" FROM \"brand_users\" WHERE id = 16 AND brand_id = 21 AND deleted_at IS NULL LIMIT 1" rows=1
time=2026-06-11T17:02:58.880+08:00 level=INFO msg="GORM trace" elapsed=3.000875ms sql="SELECT bura.role_id, br.scope_type, bura.location_id, bura.data_scope, p.code FROM brand_user_role_assignments AS bura JOIN brand_roles br ON br.id = bura.role_id AND br.status = 'active' LEFT JOIN brand_role_permissions brp ON brp.role_id = bura.role_id LEFT JOIN permissions p ON p.id = brp.permission_id AND p.status = 'active' WHERE bura.brand_user_id = 16 AND bura.brand_id = 21 AND bura.status = 'active'" rows=38
time=2026-06-11T17:05:00.902+08:00 level=INFO msg="GORM trace" elapsed=434.083µs sql="SELECT \"is_owner\" FROM \"brand_users\" WHERE id = 16 AND brand_id = 21 AND deleted_at IS NULL LIMIT 1" rows=1
time=2026-06-11T17:05:00.914+08:00 level=INFO msg="GORM trace" elapsed=11.779625ms sql="SELECT bura.role_id, br.scope_type, bura.location_id, bura.data_scope, p.code FROM brand_user_role_assignments AS bura JOIN brand_roles br ON br.id = bura.role_id AND br.status = 'active' LEFT JOIN brand_role_permissions brp ON brp.role_id = bura.role_id LEFT JOIN permissions p ON p.id = brp.permission_id AND p.status = 'active' WHERE bura.brand_user_id = 16 AND bura.brand_id = 21 AND bura.status = 'active'" rows=38
time=2026-06-11T17:05:00.928+08:00 level=INFO msg="GORM trace" elapsed=510.542µs sql="SELECT * FROM \"brand_users\" WHERE (id = 16 AND brand_id = 21 AND deleted_at IS NULL) AND \"brand_users\".\"deleted_at\" IS NULL ORDER BY \"brand_users\".\"id\" LIMIT 1" rows=1
time=2026-06-11T17:05:00.928+08:00 level=INFO msg="GORM trace" elapsed=451.375µs sql="SELECT a.id, a.brand_user_id, a.role_id, br.code, br.name, br.scope_type, a.location_id, a.data_scope, a.status FROM brand_user_role_assignments AS a JOIN brand_roles br ON br.id = a.role_id JOIN brand_users bu ON bu.id = a.brand_user_id WHERE a.brand_id = 21 AND a.brand_user_id IN (16) AND bu.deleted_at IS NULL" rows=1
time=2026-06-11T17:05:00.930+08:00 level=INFO msg="GORM trace" elapsed=1.569416ms sql="SELECT a.id, a.brand_user_id, a.location_id, l.name AS location_name, a.assignment_type, a.is_primary, a.status FROM staff_location_assignments AS a JOIN locations l ON l.id = a.location_id JOIN brand_users bu ON bu.id = a.brand_user_id WHERE a.brand_id = 21 AND a.brand_user_id IN (16) AND bu.deleted_at IS NULL AND l.deleted_at IS NULL" rows=0
time=2026-06-11T17:05:00.930+08:00 level=INFO msg="GORM trace" elapsed=523.25µs sql="SELECT brand_user_id FROM \"instructor_profiles\" WHERE brand_id = 21 AND brand_user_id IN (16)" rows=0
time=2026-06-11T17:05:06.588+08:00 level=INFO msg="GORM trace" elapsed=684.875µs sql="SELECT * FROM \"brand_users\" WHERE (id = 16 AND brand_id = 21 AND deleted_at IS NULL) AND \"brand_users\".\"deleted_at\" IS NULL ORDER BY \"brand_users\".\"id\" LIMIT 1" rows=1
time=2026-06-11T17:05:06.595+08:00 level=INFO msg="GORM trace" elapsed=6.022334ms sql="UPDATE \"brand_users\" SET \"name\"='李四',\"updated_at\"='2026-06-11 17:05:06.589' WHERE id = 16 AND \"brand_users\".\"deleted_at\" IS NULL" rows=1
time=2026-06-11T17:05:06.600+08:00 level=INFO msg="GORM trace" elapsed=5.489291ms sql="INSERT INTO \"operation_logs\" (\"action\",\"actor_id\",\"actor_type\",\"brand_id\",\"created_at\",\"metadata\",\"reason\",\"target_id\",\"target_type\") VALUES ('staff_updated',16,'brand_user',21,'2026-06-11 09:05:06.595','{\"after\":{\"id\":16,\"created_at\":\"2026-06-06T11:28:29.851823+08:00\",\"updated_at\":\"2026-06-06T11:28:29.851823+08:00\",\"brand_id\":21,\"phone\":\"18816820405\",\"name\":\"李四\",\"status\":\"active\",\"IsOwner\":true},\"before\":{\"id\":16,\"created_at\":\"2026-06-06T11:28:29.851823+08:00\",\"updated_at\":\"2026-06-06T11:28:29.851823+08:00\",\"brand_id\":21,\"phone\":\"18816820405\",\"name\":\"localhost\",\"status\":\"active\",\"IsOwner\":true}}','',16,'staff')" rows=1
time=2026-06-11T17:05:06.602+08:00 level=INFO msg="GORM trace" elapsed=447.916µs sql="SELECT * FROM \"brand_users\" WHERE (id = 16 AND brand_id = 21 AND deleted_at IS NULL) AND \"brand_users\".\"deleted_at\" IS NULL ORDER BY \"brand_users\".\"id\" LIMIT 1" rows=1
time=2026-06-11T17:05:06.603+08:00 level=INFO msg="GORM trace" elapsed=602.958µs sql="SELECT a.id, a.brand_user_id, a.role_id, br.code, br.name, br.scope_type, a.location_id, a.data_scope, a.status FROM brand_user_role_assignments AS a JOIN brand_roles br ON br.id = a.role_id JOIN brand_users bu ON bu.id = a.brand_user_id WHERE a.brand_id = 21 AND a.brand_user_id IN (16) AND bu.deleted_at IS NULL" rows=1
time=2026-06-11T17:05:06.604+08:00 level=INFO msg="GORM trace" elapsed=418.208µs sql="SELECT a.id, a.brand_user_id, a.location_id, l.name AS location_name, a.assignment_type, a.is_primary, a.status FROM staff_location_assignments AS a JOIN locations l ON l.id = a.location_id JOIN brand_users bu ON bu.id = a.brand_user_id WHERE a.brand_id = 21 AND a.brand_user_id IN (16) AND bu.deleted_at IS NULL AND l.deleted_at IS NULL" rows=0
time=2026-06-11T17:05:06.604+08:00 level=INFO msg="GORM trace" elapsed=232.625µs sql="SELECT brand_user_id FROM \"instructor_profiles\" WHERE brand_id = 21 AND brand_user_id IN (16)" rows=0
time=2026-06-11T17:05:06.616+08:00 level=INFO msg="GORM trace" elapsed=601.375µs sql="SELECT * FROM \"brand_users\" WHERE (id = 16 AND brand_id = 21 AND deleted_at IS NULL) AND \"brand_users\".\"deleted_at\" IS NULL ORDER BY \"brand_users\".\"id\" LIMIT 1" rows=1
time=2026-06-11T17:05:06.617+08:00 level=INFO msg="GORM trace" elapsed=828.833µs sql="SELECT a.id, a.brand_user_id, a.role_id, br.code, br.name, br.scope_type, a.location_id, a.data_scope, a.status FROM brand_user_role_assignments AS a JOIN brand_roles br ON br.id = a.role_id JOIN brand_users bu ON bu.id = a.brand_user_id WHERE a.brand_id = 21 AND a.brand_user_id IN (16) AND bu.deleted_at IS NULL" rows=1
time=2026-06-11T17:05:06.618+08:00 level=INFO msg="GORM trace" elapsed=674.458µs sql="SELECT a.id, a.brand_user_id, a.location_id, l.name AS location_name, a.assignment_type, a.is_primary, a.status FROM staff_location_assignments AS a JOIN locations l ON l.id = a.location_id JOIN brand_users bu ON bu.id = a.brand_user_id WHERE a.brand_id = 21 AND a.brand_user_id IN (16) AND bu.deleted_at IS NULL AND l.deleted_at IS NULL" rows=0
time=2026-06-11T17:05:06.618+08:00 level=INFO msg="GORM trace" elapsed=328.833µs sql="SELECT brand_user_id FROM \"instructor_profiles\" WHERE brand_id = 21 AND brand_user_id IN (16)" rows=0
time=2026-06-11T17:05:09.704+08:00 level=INFO msg="GORM trace" elapsed=608.791µs sql="SELECT count(*) FROM \"brand_users\" WHERE (brand_id = 21 AND deleted_at IS NULL) AND \"brand_users\".\"deleted_at\" IS NULL" rows=1
time=2026-06-11T17:05:09.705+08:00 level=INFO msg="GORM trace" elapsed=524.083µs sql="SELECT * FROM \"brand_users\" WHERE (brand_id = 21 AND deleted_at IS NULL) AND \"brand_users\".\"deleted_at\" IS NULL ORDER BY id ASC LIMIT 20" rows=4
time=2026-06-11T17:05:09.706+08:00 level=INFO msg="GORM trace" elapsed=1.0565ms sql="SELECT a.id, a.brand_user_id, a.role_id, br.code, br.name, br.scope_type, a.location_id, a.data_scope, a.status FROM brand_user_role_assignments AS a JOIN brand_roles br ON br.id = a.role_id JOIN brand_users bu ON bu.id = a.brand_user_id WHERE a.brand_id = 21 AND a.brand_user_id IN (16,17,18,19) AND bu.deleted_at IS NULL" rows=5
time=2026-06-11T17:05:09.708+08:00 level=INFO msg="GORM trace" elapsed=714.541µs sql="SELECT a.id, a.brand_user_id, a.location_id, l.name AS location_name, a.assignment_type, a.is_primary, a.status FROM staff_location_assignments AS a JOIN locations l ON l.id = a.location_id JOIN brand_users bu ON bu.id = a.brand_user_id WHERE a.brand_id = 21 AND a.brand_user_id IN (16,17,18,19) AND bu.deleted_at IS NULL AND l.deleted_at IS NULL" rows=2
time=2026-06-11T17:05:09.709+08:00 level=INFO msg="GORM trace" elapsed=963.625µs sql="SELECT brand_user_id FROM \"instructor_profiles\" WHERE brand_id = 21 AND brand_user_id IN (16,17,18,19)" rows=1
time=2026-06-11T17:05:14.529+08:00 level=INFO msg="GORM trace" elapsed=1.438792ms sql="SELECT * FROM \"brand_users\" WHERE phone = '18816820405' AND \"brand_users\".\"deleted_at\" IS NULL ORDER BY \"brand_users\".\"id\" LIMIT 1" rows=1
time=2026-06-11T17:05:14.600+08:00 level=INFO msg="GORM trace" elapsed=521.834µs sql="SELECT * FROM \"brand_users\" WHERE phone = '18816820405' AND \"brand_users\".\"deleted_at\" IS NULL ORDER BY \"brand_users\".\"id\" LIMIT 1" rows=1
time=2026-06-11T17:05:14.649+08:00 level=INFO msg="GORM trace" elapsed=549.708µs sql="SELECT count(*) FROM \"locations\" WHERE brand_id = 21 AND status = 'active' AND \"locations\".\"deleted_at\" IS NULL" rows=1
time=2026-06-11T17:05:14.649+08:00 level=INFO msg="GORM trace" elapsed=473.625µs sql="SELECT count(*) FROM \"brand_users\" WHERE (brand_id = 21 AND deleted_at IS NULL) AND \"brand_users\".\"deleted_at\" IS NULL" rows=1
time=2026-06-11T17:05:14.649+08:00 level=INFO msg="GORM trace" elapsed=254.542µs sql="SELECT * FROM \"brand_users\" WHERE (brand_id = 21 AND deleted_at IS NULL) AND \"brand_users\".\"deleted_at\" IS NULL ORDER BY id ASC LIMIT 20" rows=4
time=2026-06-11T17:05:14.649+08:00 level=INFO msg="GORM trace" elapsed=274.291µs sql="SELECT * FROM \"locations\" WHERE brand_id = 21 AND status = 'active' AND \"locations\".\"deleted_at\" IS NULL ORDER BY id DESC LIMIT 100" rows=1
time=2026-06-11T17:05:14.650+08:00 level=INFO msg="GORM trace" elapsed=876.833µs sql="SELECT a.id, a.brand_user_id, a.role_id, br.code, br.name, br.scope_type, a.location_id, a.data_scope, a.status FROM brand_user_role_assignments AS a JOIN brand_roles br ON br.id = a.role_id JOIN brand_users bu ON bu.id = a.brand_user_id WHERE a.brand_id = 21 AND a.brand_user_id IN (16,17,18,19) AND bu.deleted_at IS NULL" rows=5
time=2026-06-11T17:05:14.651+08:00 level=INFO msg="GORM trace" elapsed=637.334µs sql="SELECT a.id, a.brand_user_id, a.location_id, l.name AS location_name, a.assignment_type, a.is_primary, a.status FROM staff_location_assignments AS a JOIN locations l ON l.id = a.location_id JOIN brand_users bu ON bu.id = a.brand_user_id WHERE a.brand_id = 21 AND a.brand_user_id IN (16,17,18,19) AND bu.deleted_at IS NULL AND l.deleted_at IS NULL" rows=2
time=2026-06-11T17:05:14.651+08:00 level=INFO msg="GORM trace" elapsed=190.416µs sql="SELECT brand_user_id FROM \"instructor_profiles\" WHERE brand_id = 21 AND brand_user_id IN (16,17,18,19)" rows=1
time=2026-06-11T17:08:11.176+08:00 level=INFO msg="GORM trace" elapsed=10.336459ms sql="SELECT \"is_owner\" FROM \"brand_users\" WHERE id = 16 AND brand_id = 21 AND deleted_at IS NULL LIMIT 1" rows=1
time=2026-06-11T17:08:11.184+08:00 level=INFO msg="GORM trace" elapsed=6.5245ms sql="SELECT bura.role_id, br.scope_type, bura.location_id, bura.data_scope, p.code FROM brand_user_role_assignments AS bura JOIN brand_roles br ON br.id = bura.role_id AND br.status = 'active' LEFT JOIN brand_role_permissions brp ON brp.role_id = bura.role_id LEFT JOIN permissions p ON p.id = brp.permission_id AND p.status = 'active' WHERE bura.brand_user_id = 16 AND bura.brand_id = 21 AND bura.status = 'active'" rows=38
time=2026-06-11T17:25:12.877+08:00 level=INFO msg="brand server shutting down..."
time=2026-06-11T17:25:12.878+08:00 level=INFO msg="brand server exited"
